<?xml version="1.0" encoding="utf-8"?><testsuites name="pytest tests"><testsuite name="pytest" errors="0" failures="0" skipped="0" tests="9" time="1.781" timestamp="2026-07-12T19:19:55.455755+00:00" hostname="agent-env-10a7f08b-23b1-4ded-a5f0-de6c931dda8a"><testcase classname="tests.test_admin_auth_login.TestAdminLogin" name="test_login_success_returns_token_and_user" time="0.445" /><testcase classname="tests.test_admin_auth_login.TestAdminLogin" name="test_login_wrong_password_returns_401" time="0.270" /><testcase classname="tests.test_admin_auth_login.TestAdminLogin" name="test_login_unknown_username_returns_401" time="0.047" /><testcase classname="tests.test_admin_auth_login.TestAdminLogin" name="test_old_donas_admin_no_longer_exists" time="0.045" /><testcase classname="tests.test_admin_auth_login.TestAdminProtectedRoutes" name="test_get_admin_me" time="0.434" /><testcase classname="tests.test_admin_auth_login.TestAdminProtectedRoutes" name="test_list_admins_with_token" time="0.096" /><testcase classname="tests.test_admin_auth_login.TestAdminProtectedRoutes" name="test_list_admins_without_token_returns_401" time="0.146" /><testcase classname="tests.test_admin_auth_login.TestAdminProtectedRoutes" name="test_list_admins_with_invalid_token_returns_401" time="0.131" /><testcase classname="tests.test_admin_auth_login.TestAdminProtectedRoutes" name="test_kpis_endpoint_authenticated" time="0.110" /></testsuite></testsuites>