<?xml version="1.0" encoding="utf-8"?><testsuites name="pytest tests"><testsuite name="pytest" errors="0" failures="0" skipped="0" tests="7" time="1.963" timestamp="2026-07-02T19:11:10.887496+00:00" hostname="agent-env-db95f77d-d965-4412-a4c0-afcea47ce126"><testcase classname="tests.test_cadastro_flow.TestCadastroPublic" name="test_get_cadastro_returns_form_data" time="0.733" /><testcase classname="tests.test_cadastro_flow.TestAdminIntegration" name="test_admin_cadastros_lists_cpf" time="0.955" /><testcase classname="tests.test_cadastro_flow.TestCadastroPublic" name="test_get_cadastro_invalid_cpf_400" time="0.198" /><testcase classname="tests.test_cadastro_flow.TestCadastroPublic" name="test_get_cadastro_unknown_cpf_404" time="0.158" /><testcase classname="tests.test_cadastro_flow.TestAdminIntegration" name="test_admin_documents_lists_candidate" time="0.132" /><testcase classname="tests.test_cadastro_flow.TestAdminIntegration" name="test_admin_documents_requires_auth" time="0.239" /><testcase classname="tests.test_cadastro_flow.TestAdminIntegration" name="test_admin_cadastros_requires_auth" time="0.134" /></testsuite></testsuites>