<?xml version="1.0" encoding="utf-8"?><testsuites name="pytest tests"><testsuite name="pytest" errors="0" failures="0" skipped="0" tests="3" time="1.278" timestamp="2026-07-08T15:53:02.038995+00:00" hostname="agent-env-b50d5c4e-328d-49e4-9573-07fef115c74d"><testcase classname="tests.test_donas_inscricao_flow.TestInscricaoRegister" name="test_register_ok" time="0.464" /><testcase classname="tests.test_donas_inscricao_flow.TestAdminInscriptions" name="test_inscriptions_listing_contains_new_record" time="0.476" /><testcase classname="tests.test_donas_inscricao_flow.TestInscricaoRegister" name="test_register_duplicate_cpf" time="0.005" /></testsuite></testsuites>