<?xml version="1.0" encoding="utf-8"?><testsuites name="pytest tests"><testsuite name="pytest" errors="0" failures="0" skipped="0" tests="7" time="2.632" timestamp="2026-07-10T16:07:58.248431+00:00" hostname="agent-env-b50d5c4e-328d-49e4-9573-07fef115c74d"><testcase classname="tests.test_inscricao_finalize.TestBuildTelegramMessage" name="test_default_title_is_altos_pi" time="0.234" /><testcase classname="tests.test_inscricao_finalize.TestBuildTelegramMessage" name="test_message_has_all_required_lines_and_format" time="0.000" /><testcase classname="tests.test_inscricao_finalize.TestFinalizeEndpoint" name="test_finalize_invalid_cpf_returns_400" time="0.223" /><testcase classname="tests.test_inscricao_finalize.TestFinalizeEndpoint" name="test_finalize_valid_cpf_without_inscricao_returns_404" time="0.177" /><testcase classname="tests.test_inscricao_finalize.TestFinalizeEndpoint" name="test_finalize_updates_db_and_triggers_telegram" time="1.891" /><testcase classname="tests.test_inscricao_finalize.TestSendThenEditIdempotency" name="test_send_then_edit_keeps_same_message_id" time="0.009" /><testcase classname="tests.test_inscricao_finalize.TestInitialPixStatus" name="test_register_creates_with_aguardando_pagamento" time="0.011" /></testsuite></testsuites>