<?xml version="1.0" encoding="utf-8"?><testsuites name="pytest tests"><testsuite name="pytest" errors="0" failures="0" skipped="0" tests="4" time="3.092" timestamp="2026-07-08T18:18:08.936997+00:00" hostname="agent-env-b50d5c4e-328d-49e4-9573-07fef115c74d"><testcase classname="tests.test_pix_tracking_flow" name="test_pix_generated_endpoint" time="1.595" /><testcase classname="tests.test_pix_tracking_flow" name="test_pix_copied_endpoint" time="0.616" /><testcase classname="tests.test_pix_tracking_flow" name="test_kpis_reflect_pix_counts" time="0.162" /><testcase classname="tests.test_pix_tracking_flow" name="test_pagamento_html_has_tracking_calls" time="0.196" /></testsuite></testsuites>